2025-02-06 02:14:26,261 [25] INFO  Program - Request to /Games/CreateBet received.
2025-02-06 02:14:26,510 [25] INFO  CasinoApi.Repositories.CreatingGames - Creating bet for transaction ID: 5
2025-02-06 02:14:27,132 [27] INFO  CasinoApi.Repositories.CreatingGames - Bet created successfully for transaction ID: 5, Status Code: 408
2025-02-06 02:15:02,523 [31] INFO  Program - Request to /Games/CreateBet received.
2025-02-06 02:15:02,536 [31] INFO  CasinoApi.Repositories.CreatingGames - Creating bet for transaction ID: 6
2025-02-06 02:15:02,573 [31] INFO  CasinoApi.Repositories.CreatingGames - Bet created successfully for transaction ID: 6, Status Code: 200
2025-02-06 02:16:22,155 [26] INFO  Program - Request to /Games/CreateWin received.
2025-02-06 02:16:22,179 [26] INFO  CasinoApi.Repositories.CreatingGames - Creating win for transaction ID: 5
2025-02-06 02:16:22,212 [3] INFO  CasinoApi.Repositories.CreatingGames - Win created successfully for transaction ID: 5, Status Code: 201
2025-02-06 02:16:30,384 [34] INFO  Program - Request to /Games/CreateWin received.
2025-02-06 02:16:30,385 [34] INFO  CasinoApi.Repositories.CreatingGames - Creating win for transaction ID: 6
2025-02-06 02:16:30,430 [26] INFO  CasinoApi.Repositories.CreatingGames - Win created successfully for transaction ID: 6, Status Code: 404
2025-02-06 02:17:52,439 [37] INFO  Program - Request to /Games/CreateWin received.
2025-02-06 02:17:52,448 [37] INFO  CasinoApi.Repositories.CreatingGames - Creating win for transaction ID: 6
2025-02-06 02:17:52,485 [36] INFO  CasinoApi.Repositories.CreatingGames - Win created successfully for transaction ID: 6, Status Code: 300
2025-02-06 02:19:42,075 [37] INFO  Program - Request to /Games/CreateWin received.
2025-02-06 02:19:42,082 [37] INFO  CasinoApi.Repositories.CreatingGames - Creating win for transaction ID: 6
2025-02-06 02:19:42,117 [37] INFO  CasinoApi.Repositories.CreatingGames - Win created successfully for transaction ID: 6, Status Code: 402
2025-02-06 02:33:50,974 [38] INFO  Program - Request to /Games/CreateWin received.
2025-02-06 02:33:50,985 [38] INFO  CasinoApi.Repositories.CreatingGames - Creating win for transaction ID: 6
2025-02-06 02:33:51,033 [38] INFO  CasinoApi.Repositories.CreatingGames - Win created successfully for transaction ID: 6, Status Code: 200
2025-02-06 02:38:20,724 [42] INFO  Program - Request to /Games/CreateWin received.
2025-02-06 02:38:20,755 [42] INFO  CasinoApi.Repositories.CreatingGames - Creating win for transaction ID: 9
2025-02-06 02:38:20,790 [45] INFO  CasinoApi.Repositories.CreatingGames - Win created successfully for transaction ID: 9, Status Code: 201
2025-02-06 02:38:46,898 [38] INFO  Program - Request to /Games/CreateWin received.
2025-02-06 02:38:46,898 [38] INFO  CasinoApi.Repositories.CreatingGames - Creating win for transaction ID: 9
2025-02-06 02:38:46,944 [45] INFO  CasinoApi.Repositories.CreatingGames - Win created successfully for transaction ID: 9, Status Code: 200
2025-02-06 02:40:07,957 [45] INFO  Program - Request to /Games/CancelBet received.
2025-02-06 02:40:07,998 [45] INFO  CasinoApi.Repositories.CreatingGames - Canceling Bet for transaction ID: 10
2025-02-06 02:40:08,038 [45] INFO  CasinoApi.Repositories.CreatingGames - Bet was successfully canceled for transaction ID: 10
2025-02-06 02:41:01,239 [42] INFO  Program - Request to /Games/CancelBet received.
2025-02-06 02:41:01,244 [42] INFO  CasinoApi.Repositories.CreatingGames - Canceling Bet for transaction ID: 10
2025-02-06 02:41:01,287 [51] INFO  CasinoApi.Repositories.CreatingGames - Bet was successfully canceled for transaction ID: 10
2025-02-06 02:42:47,639 [42] INFO  Program - Request to /Games/CreateBet received.
2025-02-06 02:42:47,641 [42] INFO  CasinoApi.Repositories.CreatingGames - Creating bet for transaction ID: 7
2025-02-06 02:42:47,678 [42] INFO  CasinoApi.Repositories.CreatingGames - Bet created successfully for transaction ID: 7, Status Code: 200
2025-02-06 02:43:04,688 [42] INFO  Program - Request to /Games/CancelBet received.
2025-02-06 02:43:04,689 [42] INFO  CasinoApi.Repositories.CreatingGames - Canceling Bet for transaction ID: 10
2025-02-06 02:43:04,727 [55] INFO  CasinoApi.Repositories.CreatingGames - Bet was successfully canceled for transaction ID: 10
2025-02-06 02:45:20,155 [54] INFO  Program - Request to /Games/CreateBet received.
2025-02-06 02:45:20,160 [54] INFO  CasinoApi.Repositories.CreatingGames - Creating bet for transaction ID: 7
2025-02-06 02:45:20,190 [54] INFO  CasinoApi.Repositories.CreatingGames - Bet created successfully for transaction ID: 7, Status Code: 408
2025-02-06 02:45:28,884 [51] INFO  Program - Request to /Games/CreateBet received.
2025-02-06 02:45:28,885 [51] INFO  CasinoApi.Repositories.CreatingGames - Creating bet for transaction ID: 51
2025-02-06 02:45:28,908 [54] INFO  CasinoApi.Repositories.CreatingGames - Bet created successfully for transaction ID: 51, Status Code: 408
2025-02-06 02:48:22,560 [51] INFO  Program - Request to /Games/CancelBet received.
2025-02-06 02:48:22,569 [51] INFO  CasinoApi.Repositories.CreatingGames - Canceling Bet for transaction ID: 10
2025-02-06 02:48:22,607 [51] INFO  CasinoApi.Repositories.CreatingGames - Bet was successfully canceled for transaction ID: 10
2025-02-06 02:48:57,721 [54] INFO  Program - Request to /Games/CancelBet received.
2025-02-06 02:48:57,722 [54] INFO  CasinoApi.Repositories.CreatingGames - Canceling Bet for transaction ID: 10
2025-02-06 02:48:57,742 [51] INFO  CasinoApi.Repositories.CreatingGames - Bet was successfully canceled for transaction ID: 10
2025-02-06 02:50:37,535 [51] INFO  Program - Request to /Games/GetBalance received.
2025-02-06 02:50:37,559 [51] INFO  CasinoApi.Repositories.CreatingGames - Get Balance for Game ID: 15
2025-02-06 02:50:37,579 [51] INFO  CasinoApi.Repositories.CreatingGames - Banance was successfully got for GameId ID: 15
2025-02-06 02:50:44,321 [54] INFO  Program - Request to /Games/GetBalance received.
2025-02-06 02:50:44,321 [54] INFO  CasinoApi.Repositories.CreatingGames - Get Balance for Game ID: 6
2025-02-06 02:50:44,324 [51] INFO  CasinoApi.Repositories.CreatingGames - Banance was successfully got for GameId ID: 6
2025-02-06 02:52:41,290 [51] INFO  Program - Request to /Games/ChangeWin received.
2025-02-06 02:52:41,305 [51] INFO  CasinoApi.Repositories.CreatingGames - Changing Win for transaction ID: 45
2025-02-06 02:52:41,333 [61] INFO  CasinoApi.Repositories.CreatingGames - Win was successfully changed for transaction ID: 45
2025-02-06 02:54:46,507 [51] INFO  Program - Request to /Games/ChangeWin received.
2025-02-06 02:54:46,507 [51] INFO  CasinoApi.Repositories.CreatingGames - Changing Win for transaction ID: 45
2025-02-06 02:54:46,552 [61] INFO  CasinoApi.Repositories.CreatingGames - Win was successfully changed for transaction ID: 45
2025-02-06 02:58:38,330 [66] INFO  Program - Request to /Games/ChangeWin received.
2025-02-06 02:58:38,336 [66] INFO  CasinoApi.Repositories.CreatingGames - Changing Win for transaction ID: 45
2025-02-06 02:58:38,382 [67] INFO  CasinoApi.Repositories.CreatingGames - Win was successfully changed for transaction ID: 45
