2025-02-06 03:03:58 [9] INFO  Program - Request to /Games/CreateBet received.
2025-02-06 03:03:58 [9] INFO  CasinoApi.Repositories.CreatingGames - Creating bet for transaction ID: string
2025-02-06 03:03:59 [12] INFO  CasinoApi.Repositories.CreatingGames - Bet created successfully for transaction ID: string, Status Code: 407
2025-02-06 11:20:30 [9] INFO  Program - Request to /Games/CreateBet received.
2025-02-06 11:20:30 [9] INFO  CasinoApi.Repositories.CreatingGames - Creating bet for transaction ID: string
2025-02-06 11:20:31 [6] WARN  CasinoApi.Repositories.CreatingGames - Bet Request was not got for Transaction ID: string
2025-02-06 11:59:28 [4] INFO  Program - Request to /Authenticate received.
2025-02-06 12:00:31 [18] INFO  Program - Request to /Games/CreateBet received.
2025-02-06 12:00:31 [18] INFO  CasinoApi.Repositories.CreatingGames - Creating bet for transaction ID: 11
2025-02-06 12:00:32 [19] INFO  CasinoApi.Repositories.CreatingGames - Bet Request was successfully got for Transaction ID: 11
2025-02-06 12:01:35 [18] INFO  Program - Request to /Games/CreateWin received.
2025-02-06 12:01:35 [18] INFO  CasinoApi.Repositories.CreatingGames - Creating win for transaction ID: 11
2025-02-06 12:01:35 [22] INFO  CasinoApi.Repositories.CreatingGames - Win was successfully got for Transaction ID: 11
2025-02-06 12:02:38 [19] INFO  Program - Request to /Games/CreateBet received.
2025-02-06 12:02:38 [19] INFO  CasinoApi.Repositories.CreatingGames - Creating bet for transaction ID: 12
2025-02-06 12:02:38 [19] WARN  CasinoApi.Repositories.CreatingGames - Bet Request was not got for Transaction ID: 12
2025-02-06 12:03:26 [25] INFO  Program - Request to /Games/CreateBet received.
2025-02-06 12:03:26 [25] INFO  CasinoApi.Repositories.CreatingGames - Creating bet for transaction ID: 12
2025-02-06 12:03:26 [3] INFO  CasinoApi.Repositories.CreatingGames - Bet Request was successfully got for Transaction ID: 12
2025-02-06 12:06:09 [3] INFO  Program - Request to /Games/CancelBet received.
2025-02-06 12:06:09 [3] INFO  CasinoApi.Repositories.CreatingGames - Canceling Bet for transaction ID: 12
2025-02-06 12:06:09 [3] WARN  CasinoApi.Repositories.CreatingGames - Bet was not got for TransactionId ID: 12
2025-02-06 12:06:15 [29] INFO  Program - Request to /Games/CancelBet received.
2025-02-06 12:06:15 [29] INFO  CasinoApi.Repositories.CreatingGames - Canceling Bet for transaction ID: 13
2025-02-06 12:06:15 [32] INFO  CasinoApi.Repositories.CreatingGames - Bet was successfully got for TransactionId ID: 13
2025-02-06 12:10:09 [29] INFO  Program - Request to /Games/ChangeWin received.
2025-02-06 12:10:09 [29] INFO  CasinoApi.Repositories.CreatingGames - Changing Win for transaction ID: 11
2025-02-06 12:10:09 [31] WARN  CasinoApi.Repositories.CreatingGames - Win was not changed for TransactionId ID: 11
2025-02-06 12:10:14 [33] INFO  Program - Request to /Games/ChangeWin received.
2025-02-06 12:10:14 [33] INFO  CasinoApi.Repositories.CreatingGames - Changing Win for transaction ID: 111
2025-02-06 12:10:14 [33] INFO  CasinoApi.Repositories.CreatingGames - Win was successfully changed for TransactionId ID: 111
2025-02-06 12:10:24 [34] INFO  Program - Request to /Games/GetBalance received.
2025-02-06 12:10:24 [34] INFO  CasinoApi.Repositories.CreatingGames - Get Balance for Game ID: 11
2025-02-06 12:10:24 [34] INFO  CasinoApi.Repositories.CreatingGames - Balance was successfully got for GameId ID: 11
